# JRE version: OpenJDK Runtime Environment Temurin-21.0.9+10 (21.0.9+10) (build 21.0.9+10-LTS)
# Java VM: OpenJDK 64-Bit Server VM Temurin-21.0.9+10 (21.0.9+10-LTS, mixed mode, sharing, tiered, compressed oops, compressed class ptrs, parallel gc, windows-amd64)
GC Precious Log:
 CardTable entry size: 512
 CPUs: 8 total, 8 available
 Memory: 6030M
 Large Page Support: Disabled
 NUMA Support: Disabled
 Compressed Oops: Enabled (32-bit)
 Alignments: Space 512K, Generation 512K, Heap 2M
 Heap Min Capacity: 100M
 Heap Initial Capacity: 100M
 Heap Max Capacity: 2G
 Pre-touch: Disabled
 Parallel Workers: 8
Heap:
 PSYoungGen      total 9216K, used 6116K [0x00000000d5580000, 0x00000000d6280000, 0x0000000100000000)
  eden space 7680K, 71% used [0x00000000d5580000,0x00000000d5ad9260,0x00000000d5d00000)
  from space 1536K, 41% used [0x00000000d6000000,0x00000000d60a0000,0x00000000d6180000)
  to   space 1024K, 0% used [0x00000000d6180000,0x00000000d6180000,0x00000000d6280000)
 ParOldGen       total 368128K, used 250264K [0x0000000080000000, 0x0000000096780000, 0x00000000d5580000)
  object space 368128K, 67% used [0x0000000080000000,0x000000008f466340,0x0000000096780000)
 Metaspace       used 81835K, committed 83648K, reserved 1179648K
  class space    used 8503K, committed 9280K, reserved 1048576K
GC Heap History (20 events):
Event: 833.670 GC heap before
{Heap before GC invocations=796 (full 4):
 PSYoungGen      total 7168K, used 6703K [0x00000000d5580000, 0x00000000d5f00000, 0x0000000100000000)
  eden space 6144K, 99% used [0x00000000d5580000,0x00000000d5b7ffe0,0x00000000d5b80000)
  from space 1024K, 54% used [0x00000000d5b80000,0x00000000d5c0c010,0x00000000d5c80000)
  to   space 1024K, 0% used [0x00000000d5e00000,0x00000000d5e00000,0x00000000d5f00000)
 ParOldGen       total 368128K, used 234511K [0x0000000080000000, 0x0000000096780000, 0x00000000d5580000)
  object space 368128K, 63% used [0x0000000080000000,0x000000008e503d38,0x0000000096780000)
 Metaspace       used 81113K, committed 82944K, reserved 1179648K
  class space    used 8460K, committed 9280K, reserved 1048576K
}
Event: 833.675 GC heap after
{Heap after GC invocations=796 (full 4):
 PSYoungGen      total 8704K, used 843K [0x00000000d5580000, 0x00000000d5f00000, 0x0000000100000000)
  eden space 7680K, 0% used [0x00000000d5580000,0x00000000d5580000,0x00000000d5d00000)
  from space 1024K, 82% used [0x00000000d5e00000,0x00000000d5ed2c08,0x00000000d5f00000)
  to   space 1024K, 0% used [0x00000000d5d00000,0x00000000d5d00000,0x00000000d5e00000)
 ParOldGen       total 368128K, used 234879K [0x0000000080000000, 0x0000000096780000, 0x00000000d5580000)
  object space 368128K, 63% used [0x0000000080000000,0x000000008e55fd78,0x0000000096780000)
 Metaspace       used 81113K, committed 82944K, reserved 1179648K
  class space    used 8460K, committed 9280K, reserved 1048576K
}
Event: 835.571 GC heap before
{Heap before GC invocations=797 (full 4):
 PSYoungGen      total 8704K, used 8523K [0x00000000d5580000, 0x00000000d5f00000, 0x0000000100000000)
  eden space 7680K, 100% used [0x00000000d5580000,0x00000000d5d00000,0x00000000d5d00000)
  from space 1024K, 82% used [0x00000000d5e00000,0x00000000d5ed2c08,0x00000000d5f00000)
  to   space 1024K, 0% used [0x00000000d5d00000,0x00000000d5d00000,0x00000000d5e00000)
 ParOldGen       total 368128K, used 234879K [0x0000000080000000, 0x0000000096780000, 0x00000000d5580000)
  object space 368128K, 63% used [0x0000000080000000,0x000000008e55fd78,0x0000000096780000)
 Metaspace       used 81375K, committed 83200K, reserved 1179648K
  class space    used 8467K, committed 9280K, reserved 1048576K
}
Event: 835.576 GC heap after
{Heap after GC invocations=797 (full 4):
 PSYoungGen      total 8704K, used 916K [0x00000000d5580000, 0x00000000d5f00000, 0x0000000100000000)
  eden space 7680K, 0% used [0x00000000d5580000,0x00000000d5580000,0x00000000d5d00000)
  from space 1024K, 89% used [0x00000000d5d00000,0x00000000d5de5220,0x00000000d5e00000)
  to   space 1024K, 0% used [0x00000000d5e00000,0x00000000d5e00000,0x00000000d5f00000)
 ParOldGen       total 368128K, used 235587K [0x0000000080000000, 0x0000000096780000, 0x00000000d5580000)
  object space 368128K, 63% used [0x0000000080000000,0x000000008e610fa8,0x0000000096780000)
 Metaspace       used 81375K, committed 83200K, reserved 1179648K
  class space    used 8467K, committed 9280K, reserved 1048576K
}
Event: 835.612 GC heap before
{Heap before GC invocations=798 (full 4):
 PSYoungGen      total 8704K, used 8596K [0x00000000d5580000, 0x00000000d5f00000, 0x0000000100000000)
  eden space 7680K, 100% used [0x00000000d5580000,0x00000000d5d00000,0x00000000d5d00000)
  from space 1024K, 89% used [0x00000000d5d00000,0x00000000d5de5220,0x00000000d5e00000)
  to   space 1024K, 0% used [0x00000000d5e00000,0x00000000d5e00000,0x00000000d5f00000)
 ParOldGen       total 368128K, used 235587K [0x0000000080000000, 0x0000000096780000, 0x00000000d5580000)
  object space 368128K, 63% used [0x0000000080000000,0x000000008e610fa8,0x0000000096780000)
 Metaspace       used 81385K, committed 83200K, reserved 1179648K
  class space    used 8467K, committed 9280K, reserved 1048576K
}
Event: 835.617 GC heap after
{Heap after GC invocations=798 (full 4):
 PSYoungGen      total 8704K, used 916K [0x00000000d5580000, 0x00000000d5f00000, 0x0000000100000000)
  eden space 7680K, 0% used [0x00000000d5580000,0x00000000d5580000,0x00000000d5d00000)
  from space 1024K, 89% used [0x00000000d5e00000,0x00000000d5ee5200,0x00000000d5f00000)
  to   space 1024K, 0% used [0x00000000d5d00000,0x00000000d5d00000,0x00000000d5e00000)
 ParOldGen       total 368128K, used 236401K [0x0000000080000000, 0x0000000096780000, 0x00000000d5580000)
  object space 368128K, 64% used [0x0000000080000000,0x000000008e6dc498,0x0000000096780000)
 Metaspace       used 81385K, committed 83200K, reserved 1179648K
  class space    used 8467K, committed 9280K, reserved 1048576K
}
Event: 904.572 GC heap before
{Heap before GC invocations=799 (full 4):
 PSYoungGen      total 8704K, used 8596K [0x00000000d5580000, 0x00000000d5f00000, 0x0000000100000000)
  eden space 7680K, 100% used [0x00000000d5580000,0x00000000d5d00000,0x00000000d5d00000)
  from space 1024K, 89% used [0x00000000d5e00000,0x00000000d5ee5200,0x00000000d5f00000)
  to   space 1024K, 0% used [0x00000000d5d00000,0x00000000d5d00000,0x00000000d5e00000)
 ParOldGen       total 368128K, used 236401K [0x0000000080000000, 0x0000000096780000, 0x00000000d5580000)
  object space 368128K, 64% used [0x0000000080000000,0x000000008e6dc498,0x0000000096780000)
 Metaspace       used 81414K, committed 83264K, reserved 1179648K
  class space    used 8467K, committed 9280K, reserved 1048576K
}
Event: 904.653 GC heap after
{Heap after GC invocations=799 (full 4):
 PSYoungGen      total 8704K, used 762K [0x00000000d5580000, 0x00000000d5f00000, 0x0000000100000000)
  eden space 7680K, 0% used [0x00000000d5580000,0x00000000d5580000,0x00000000d5d00000)
  from space 1024K, 74% used [0x00000000d5d00000,0x00000000d5dbe920,0x00000000d5e00000)
  to   space 1024K, 0% used [0x00000000d5e00000,0x00000000d5e00000,0x00000000d5f00000)
 ParOldGen       total 368128K, used 237157K [0x0000000080000000, 0x0000000096780000, 0x00000000d5580000)
  object space 368128K, 64% used [0x0000000080000000,0x000000008e7996c8,0x0000000096780000)
 Metaspace       used 81414K, committed 83264K, reserved 1179648K
  class space    used 8467K, committed 9280K, reserved 1048576K
}
Event: 905.518 GC heap before
{Heap before GC invocations=800 (full 4):
 PSYoungGen      total 8704K, used 8442K [0x00000000d5580000, 0x00000000d5f00000, 0x0000000100000000)
  eden space 7680K, 99% used [0x00000000d5580000,0x00000000d5cffff0,0x00000000d5d00000)
  from space 1024K, 74% used [0x00000000d5d00000,0x00000000d5dbe920,0x00000000d5e00000)
  to   space 1024K, 0% used [0x00000000d5e00000,0x00000000d5e00000,0x00000000d5f00000)
 ParOldGen       total 368128K, used 237157K [0x0000000080000000, 0x0000000096780000, 0x00000000d5580000)
  object space 368128K, 64% used [0x0000000080000000,0x000000008e7996c8,0x0000000096780000)
 Metaspace       used 81537K, committed 83328K, reserved 1179648K
  class space    used 8479K, committed 9280K, reserved 1048576K
}
Event: 905.524 GC heap after
{Heap after GC invocations=800 (full 4):
 PSYoungGen      total 8704K, used 826K [0x00000000d5580000, 0x00000000d5f00000, 0x0000000100000000)
  eden space 7680K, 0% used [0x00000000d5580000,0x00000000d5580000,0x00000000d5d00000)
  from space 1024K, 80% used [0x00000000d5e00000,0x00000000d5ece900,0x00000000d5f00000)
  to   space 1024K, 0% used [0x00000000d5d00000,0x00000000d5d00000,0x00000000d5e00000)
 ParOldGen       total 368128K, used 237834K [0x0000000080000000, 0x0000000096780000, 0x00000000d5580000)
  object space 368128K, 64% used [0x0000000080000000,0x000000008e8428f8,0x0000000096780000)
 Metaspace       used 81537K, committed 83328K, reserved 1179648K
  class space    used 8479K, committed 9280K, reserved 1048576K
}
Event: 905.730 GC heap before
{Heap before GC invocations=801 (full 4):
 PSYoungGen      total 8704K, used 8506K [0x00000000d5580000, 0x00000000d5f00000, 0x0000000100000000)
  eden space 7680K, 99% used [0x00000000d5580000,0x00000000d5cffff8,0x00000000d5d00000)
  from space 1024K, 80% used [0x00000000d5e00000,0x00000000d5ece900,0x00000000d5f00000)
  to   space 1024K, 0% used [0x00000000d5d00000,0x00000000d5d00000,0x00000000d5e00000)
 ParOldGen       total 368128K, used 237834K [0x0000000080000000, 0x0000000096780000, 0x00000000d5580000)
  object space 368128K, 64% used [0x0000000080000000,0x000000008e8428f8,0x0000000096780000)
 Metaspace       used 81593K, committed 83392K, reserved 1179648K
  class space    used 8483K, committed 9280K, reserved 1048576K
}
Event: 905.760 GC heap after
{Heap after GC invocations=801 (full 4):
 PSYoungGen      total 8704K, used 1004K [0x00000000d5580000, 0x00000000d6c00000, 0x0000000100000000)
  eden space 7680K, 0% used [0x00000000d5580000,0x00000000d5580000,0x00000000d5d00000)
  from space 1024K, 98% used [0x00000000d5d00000,0x00000000d5dfb168,0x00000000d5e00000)
  to   space 7680K, 0% used [0x00000000d6480000,0x00000000d6480000,0x00000000d6c00000)
 ParOldGen       total 368128K, used 243139K [0x0000000080000000, 0x0000000096780000, 0x00000000d5580000)
  object space 368128K, 66% used [0x0000000080000000,0x000000008ed70ca0,0x0000000096780000)
 Metaspace       used 81593K, committed 83392K, reserved 1179648K
  class space    used 8483K, committed 9280K, reserved 1048576K
}
Event: 905.906 GC heap before
{Heap before GC invocations=802 (full 4):
 PSYoungGen      total 8704K, used 8684K [0x00000000d5580000, 0x00000000d6c00000, 0x0000000100000000)
  eden space 7680K, 100% used [0x00000000d5580000,0x00000000d5d00000,0x00000000d5d00000)
  from space 1024K, 98% used [0x00000000d5d00000,0x00000000d5dfb168,0x00000000d5e00000)
  to   space 7680K, 0% used [0x00000000d6480000,0x00000000d6480000,0x00000000d6c00000)
 ParOldGen       total 368128K, used 243139K [0x0000000080000000, 0x0000000096780000, 0x00000000d5580000)
  object space 368128K, 66% used [0x0000000080000000,0x000000008ed70ca0,0x0000000096780000)
 Metaspace       used 81621K, committed 83456K, reserved 1179648K
  class space    used 8490K, committed 9280K, reserved 1048576K
}
Event: 905.916 GC heap after
{Heap after GC invocations=802 (full 4):
 PSYoungGen      total 13312K, used 5268K [0x00000000d5580000, 0x00000000d6a00000, 0x0000000100000000)
  eden space 7680K, 0% used [0x00000000d5580000,0x00000000d5580000,0x00000000d5d00000)
  from space 5632K, 93% used [0x00000000d6480000,0x00000000d69a5200,0x00000000d6a00000)
  to   space 5632K, 0% used [0x00000000d5f00000,0x00000000d5f00000,0x00000000d6480000)
 ParOldGen       total 368128K, used 243227K [0x0000000080000000, 0x0000000096780000, 0x00000000d5580000)
  object space 368128K, 66% used [0x0000000080000000,0x000000008ed86ca0,0x0000000096780000)
 Metaspace       used 81621K, committed 83456K, reserved 1179648K
  class space    used 8490K, committed 9280K, reserved 1048576K
}
Event: 906.354 GC heap before
{Heap before GC invocations=803 (full 4):
 PSYoungGen      total 13312K, used 12948K [0x00000000d5580000, 0x00000000d6a00000, 0x0000000100000000)
  eden space 7680K, 100% used [0x00000000d5580000,0x00000000d5d00000,0x00000000d5d00000)
  from space 5632K, 93% used [0x00000000d6480000,0x00000000d69a5200,0x00000000d6a00000)
  to   space 5632K, 0% used [0x00000000d5f00000,0x00000000d5f00000,0x00000000d6480000)
 ParOldGen       total 368128K, used 243227K [0x0000000080000000, 0x0000000096780000, 0x00000000d5580000)
  object space 368128K, 66% used [0x0000000080000000,0x000000008ed86ca0,0x0000000096780000)
 Metaspace       used 81634K, committed 83456K, reserved 1179648K
  class space    used 8492K, committed 9280K, reserved 1048576K
}
Event: 906.380 GC heap after
{Heap after GC invocations=803 (full 4):
 PSYoungGen      total 9216K, used 1082K [0x00000000d5580000, 0x00000000d6500000, 0x0000000100000000)
  eden space 7680K, 0% used [0x00000000d5580000,0x00000000d5580000,0x00000000d5d00000)
  from space 1536K, 70% used [0x00000000d5f00000,0x00000000d600e920,0x00000000d6080000)
  to   space 3072K, 0% used [0x00000000d6200000,0x00000000d6200000,0x00000000d6500000)
 ParOldGen       total 368128K, used 248439K [0x0000000080000000, 0x0000000096780000, 0x00000000d5580000)
  object space 368128K, 67% used [0x0000000080000000,0x000000008f29dea0,0x0000000096780000)
 Metaspace       used 81634K, committed 83456K, reserved 1179648K
  class space    used 8492K, committed 9280K, reserved 1048576K
}
Event: 906.465 GC heap before
{Heap before GC invocations=804 (full 4):
 PSYoungGen      total 9216K, used 8762K [0x00000000d5580000, 0x00000000d6500000, 0x0000000100000000)
  eden space 7680K, 100% used [0x00000000d5580000,0x00000000d5d00000,0x00000000d5d00000)
  from space 1536K, 70% used [0x00000000d5f00000,0x00000000d600e920,0x00000000d6080000)
  to   space 3072K, 0% used [0x00000000d6200000,0x00000000d6200000,0x00000000d6500000)
 ParOldGen       total 368128K, used 248439K [0x0000000080000000, 0x0000000096780000, 0x00000000d5580000)
  object space 368128K, 67% used [0x0000000080000000,0x000000008f29dea0,0x0000000096780000)
 Metaspace       used 81635K, committed 83456K, reserved 1179648K
  class space    used 8492K, committed 9280K, reserved 1048576K
}
Event: 906.473 GC heap after
{Heap after GC invocations=804 (full 4):
 PSYoungGen      total 8704K, used 938K [0x00000000d5580000, 0x00000000d6300000, 0x0000000100000000)
  eden space 7680K, 0% used [0x00000000d5580000,0x00000000d5580000,0x00000000d5d00000)
  from space 1024K, 91% used [0x00000000d6200000,0x00000000d62ea910,0x00000000d6300000)
  to   space 1536K, 0% used [0x00000000d6000000,0x00000000d6000000,0x00000000d6180000)
 ParOldGen       total 368128K, used 249428K [0x0000000080000000, 0x0000000096780000, 0x00000000d5580000)
  object space 368128K, 67% used [0x0000000080000000,0x000000008f3950f0,0x0000000096780000)
 Metaspace       used 81635K, committed 83456K, reserved 1179648K
  class space    used 8492K, committed 9280K, reserved 1048576K
}
Event: 906.506 GC heap before
{Heap before GC invocations=805 (full 4):
 PSYoungGen      total 8704K, used 8618K [0x00000000d5580000, 0x00000000d6300000, 0x0000000100000000)
  eden space 7680K, 100% used [0x00000000d5580000,0x00000000d5d00000,0x00000000d5d00000)
  from space 1024K, 91% used [0x00000000d6200000,0x00000000d62ea910,0x00000000d6300000)
  to   space 1536K, 0% used [0x00000000d6000000,0x00000000d6000000,0x00000000d6180000)
 ParOldGen       total 368128K, used 249428K [0x0000000080000000, 0x0000000096780000, 0x00000000d5580000)
  object space 368128K, 67% used [0x0000000080000000,0x000000008f3950f0,0x0000000096780000)
 Metaspace       used 81662K, committed 83456K, reserved 1179648K
  class space    used 8492K, committed 9280K, reserved 1048576K
}
Event: 906.512 GC heap after
{Heap after GC invocations=805 (full 4):
 PSYoungGen      total 9216K, used 640K [0x00000000d5580000, 0x00000000d6280000, 0x0000000100000000)
  eden space 7680K, 0% used [0x00000000d5580000,0x00000000d5580000,0x00000000d5d00000)
  from space 1536K, 41% used [0x00000000d6000000,0x00000000d60a0000,0x00000000d6180000)
  to   space 1024K, 0% used [0x00000000d6180000,0x00000000d6180000,0x00000000d6280000)
 ParOldGen       total 368128K, used 250264K [0x0000000080000000, 0x0000000096780000, 0x00000000d5580000)
  object space 368128K, 67% used [0x0000000080000000,0x000000008f466340,0x0000000096780000)
 Metaspace       used 81662K, committed 83456K, reserved 1179648K
  class space    used 8492K, committed 9280K, reserved 1048576K
}

